<?xml version="1.0" encoding="UTF-8"?>
<testsuite xmlns:xsi="http://www.w3.org/2001/XMLSchema-instance" xsi:noNamespaceSchemaLocation="https://maven.apache.org/surefire/maven-surefire-plugin/xsd/surefire-test-report-3.0.xsd" version="3.0" name="TestSuite" time="8.852" tests="1" errors="0" skipped="0" failures="0">
  <properties>
    <property name="sun.desktop" value="windows"/>
    <property name="awt.toolkit" value="sun.awt.windows.WToolkit"/>
    <property name="java.specification.version" value="11"/>
    <property name="sun.cpu.isalist" value="amd64"/>
    <property name="sun.jnu.encoding" value="Cp1252"/>
    <property name="java.class.path" value="D:\javaProject\Selenium\TemplateProject\Template_Selenide_allure\target\test-classes;D:\javaProject\Selenium\TemplateProject\Template_Selenide_allure\target\classes;C:\Users\user\.m2\repository\com\codeborne\selenide\5.2.4\selenide-5.2.4.jar;C:\Users\user\.m2\repository\org\seleniumhq\selenium\selenium-java\3.141.59\selenium-java-3.141.59.jar;C:\Users\user\.m2\repository\org\seleniumhq\selenium\selenium-api\3.141.59\selenium-api-3.141.59.jar;C:\Users\user\.m2\repository\org\seleniumhq\selenium\selenium-chrome-driver\3.141.59\selenium-chrome-driver-3.141.59.jar;C:\Users\user\.m2\repository\org\seleniumhq\selenium\selenium-edge-driver\3.141.59\selenium-edge-driver-3.141.59.jar;C:\Users\user\.m2\repository\org\seleniumhq\selenium\selenium-firefox-driver\3.141.59\selenium-firefox-driver-3.141.59.jar;C:\Users\user\.m2\repository\org\seleniumhq\selenium\selenium-ie-driver\3.141.59\selenium-ie-driver-3.141.59.jar;C:\Users\user\.m2\repository\org\seleniumhq\selenium\selenium-opera-driver\3.141.59\selenium-opera-driver-3.141.59.jar;C:\Users\user\.m2\repository\org\seleniumhq\selenium\selenium-remote-driver\3.141.59\selenium-remote-driver-3.141.59.jar;C:\Users\user\.m2\repository\org\seleniumhq\selenium\selenium-safari-driver\3.141.59\selenium-safari-driver-3.141.59.jar;C:\Users\user\.m2\repository\org\seleniumhq\selenium\selenium-support\3.141.59\selenium-support-3.141.59.jar;C:\Users\user\.m2\repository\org\apache\commons\commons-exec\1.3\commons-exec-1.3.jar;C:\Users\user\.m2\repository\com\squareup\okhttp3\okhttp\3.11.0\okhttp-3.11.0.jar;C:\Users\user\.m2\repository\com\squareup\okio\okio\1.14.0\okio-1.14.0.jar;C:\Users\user\.m2\repository\io\github\bonigarcia\webdrivermanager\3.6.1\webdrivermanager-3.6.1.jar;C:\Users\user\.m2\repository\commons-io\commons-io\2.6\commons-io-2.6.jar;C:\Users\user\.m2\repository\com\google\code\gson\gson\2.8.5\gson-2.8.5.jar;C:\Users\user\.m2\repository\org\apache\commons\commons-lang3\3.8.1\commons-lang3-3.8.1.jar;C:\Users\user\.m2\repository\org\apache\httpcomponents\httpclient\4.5.6\httpclient-4.5.6.jar;C:\Users\user\.m2\repository\org\apache\httpcomponents\httpcore\4.4.10\httpcore-4.4.10.jar;C:\Users\user\.m2\repository\commons-logging\commons-logging\1.2\commons-logging-1.2.jar;C:\Users\user\.m2\repository\commons-codec\commons-codec\1.10\commons-codec-1.10.jar;C:\Users\user\.m2\repository\org\rauschig\jarchivelib\1.0.0\jarchivelib-1.0.0.jar;C:\Users\user\.m2\repository\org\apache\commons\commons-compress\1.18\commons-compress-1.18.jar;C:\Users\user\.m2\repository\org\jsoup\jsoup\1.11.3\jsoup-1.11.3.jar;C:\Users\user\.m2\repository\net\lightbody\bmp\browsermob-core\2.1.5\browsermob-core-2.1.5.jar;C:\Users\user\.m2\repository\net\lightbody\bmp\littleproxy\1.1.0-beta-bmp-17\littleproxy-1.1.0-beta-bmp-17.jar;C:\Users\user\.m2\repository\com\fasterxml\jackson\core\jackson-core\2.8.9\jackson-core-2.8.9.jar;C:\Users\user\.m2\repository\com\fasterxml\jackson\core\jackson-databind\2.8.9\jackson-databind-2.8.9.jar;C:\Users\user\.m2\repository\com\fasterxml\jackson\core\jackson-annotations\2.8.9\jackson-annotations-2.8.9.jar;C:\Users\user\.m2\repository\dnsjava\dnsjava\2.1.8\dnsjava-2.1.8.jar;C:\Users\user\.m2\repository\org\slf4j\jcl-over-slf4j\1.7.25\jcl-over-slf4j-1.7.25.jar;C:\Users\user\.m2\repository\com\jcraft\jzlib\1.1.3\jzlib-1.1.3.jar;C:\Users\user\.m2\repository\io\netty\netty-all\4.0.51.Final\netty-all-4.0.51.Final.jar;C:\Users\user\.m2\repository\org\bouncycastle\bcprov-jdk15on\1.58\bcprov-jdk15on-1.58.jar;C:\Users\user\.m2\repository\org\bouncycastle\bcpkix-jdk15on\1.58\bcpkix-jdk15on-1.58.jar;C:\Users\user\.m2\repository\net\lightbody\bmp\mitm\2.1.5\mitm-2.1.5.jar;C:\Users\user\.m2\repository\org\slf4j\slf4j-nop\1.7.24\slf4j-nop-1.7.24.jar;C:\Users\user\.m2\repository\org\slf4j\slf4j-api\1.7.24\slf4j-api-1.7.24.jar;C:\Users\user\.m2\repository\org\slf4j\slf4j-simple\1.7.26\slf4j-simple-1.7.26.jar;C:\Users\user\.m2\repository\org\json\json\20180813\json-20180813.jar;C:\Users\user\.m2\repository\io\qameta\allure\allure-selenide\2.12.1\allure-selenide-2.12.1.jar;C:\Users\user\.m2\repository\io\qameta\allure\allure-java-commons\2.12.1\allure-java-commons-2.12.1.jar;C:\Users\user\.m2\repository\io\qameta\allure\allure-model\2.12.1\allure-model-2.12.1.jar;C:\Users\user\.m2\repository\org\apache\tika\tika-core\1.20\tika-core-1.20.jar;C:\Users\user\.m2\repository\org\jooq\joor-java-8\0.9.10\joor-java-8-0.9.10.jar;C:\Users\user\.m2\repository\io\qameta\allure\allure-testng\2.12.1\allure-testng-2.12.1.jar;C:\Users\user\.m2\repository\org\testng\testng\6.14.3\testng-6.14.3.jar;C:\Users\user\.m2\repository\com\beust\jcommander\1.72\jcommander-1.72.jar;C:\Users\user\.m2\repository\org\apache-extras\beanshell\bsh\2.0b6\bsh-2.0b6.jar;C:\Users\user\.m2\repository\javax\xml\bind\jaxb-api\2.3.0\jaxb-api-2.3.0.jar;C:\Users\user\.m2\repository\com\google\guava\guava\27.0-jre\guava-27.0-jre.jar;C:\Users\user\.m2\repository\com\google\guava\failureaccess\1.0\failureaccess-1.0.jar;C:\Users\user\.m2\repository\com\google\guava\listenablefuture\9999.0-empty-to-avoid-conflict-with-guava\listenablefuture-9999.0-empty-to-avoid-conflict-with-guava.jar;C:\Users\user\.m2\repository\com\google\code\findbugs\jsr305\3.0.2\jsr305-3.0.2.jar;C:\Users\user\.m2\repository\org\checkerframework\checker-qual\2.5.2\checker-qual-2.5.2.jar;C:\Users\user\.m2\repository\com\google\errorprone\error_prone_annotations\2.2.0\error_prone_annotations-2.2.0.jar;C:\Users\user\.m2\repository\com\google\j2objc\j2objc-annotations\1.1\j2objc-annotations-1.1.jar;C:\Users\user\.m2\repository\org\codehaus\mojo\animal-sniffer-annotations\1.17\animal-sniffer-annotations-1.17.jar;"/>
    <property name="java.vm.vendor" value="Oracle Corporation"/>
    <property name="sun.arch.data.model" value="64"/>
    <property name="user.variant" value=""/>
    <property name="java.vendor.url" value="http://java.oracle.com/"/>
    <property name="user.timezone" value="Europe/Helsinki"/>
    <property name="java.vm.specification.version" value="11"/>
    <property name="os.name" value="Windows 10"/>
    <property name="sun.java.launcher" value="SUN_STANDARD"/>
    <property name="user.country" value="US"/>
    <property name="sun.boot.library.path" value="C:\Program Files\Java\jdk-11\bin"/>
    <property name="sun.java.command" value="C:\Users\user\AppData\Local\Temp\surefire15065859518333485934\surefirebooter14381375819812935622.jar C:\Users\user\AppData\Local\Temp\surefire15065859518333485934 2019-07-24T12-21-37_645-jvmRun1 surefire7642179307268177454tmp surefire_014541592818680299917tmp"/>
    <property name="jdk.debug" value="release"/>
    <property name="surefire.test.class.path" value="D:\javaProject\Selenium\TemplateProject\Template_Selenide_allure\target\test-classes;D:\javaProject\Selenium\TemplateProject\Template_Selenide_allure\target\classes;C:\Users\user\.m2\repository\com\codeborne\selenide\5.2.4\selenide-5.2.4.jar;C:\Users\user\.m2\repository\org\seleniumhq\selenium\selenium-java\3.141.59\selenium-java-3.141.59.jar;C:\Users\user\.m2\repository\org\seleniumhq\selenium\selenium-api\3.141.59\selenium-api-3.141.59.jar;C:\Users\user\.m2\repository\org\seleniumhq\selenium\selenium-chrome-driver\3.141.59\selenium-chrome-driver-3.141.59.jar;C:\Users\user\.m2\repository\org\seleniumhq\selenium\selenium-edge-driver\3.141.59\selenium-edge-driver-3.141.59.jar;C:\Users\user\.m2\repository\org\seleniumhq\selenium\selenium-firefox-driver\3.141.59\selenium-firefox-driver-3.141.59.jar;C:\Users\user\.m2\repository\org\seleniumhq\selenium\selenium-ie-driver\3.141.59\selenium-ie-driver-3.141.59.jar;C:\Users\user\.m2\repository\org\seleniumhq\selenium\selenium-opera-driver\3.141.59\selenium-opera-driver-3.141.59.jar;C:\Users\user\.m2\repository\org\seleniumhq\selenium\selenium-remote-driver\3.141.59\selenium-remote-driver-3.141.59.jar;C:\Users\user\.m2\repository\org\seleniumhq\selenium\selenium-safari-driver\3.141.59\selenium-safari-driver-3.141.59.jar;C:\Users\user\.m2\repository\org\seleniumhq\selenium\selenium-support\3.141.59\selenium-support-3.141.59.jar;C:\Users\user\.m2\repository\org\apache\commons\commons-exec\1.3\commons-exec-1.3.jar;C:\Users\user\.m2\repository\com\squareup\okhttp3\okhttp\3.11.0\okhttp-3.11.0.jar;C:\Users\user\.m2\repository\com\squareup\okio\okio\1.14.0\okio-1.14.0.jar;C:\Users\user\.m2\repository\io\github\bonigarcia\webdrivermanager\3.6.1\webdrivermanager-3.6.1.jar;C:\Users\user\.m2\repository\commons-io\commons-io\2.6\commons-io-2.6.jar;C:\Users\user\.m2\repository\com\google\code\gson\gson\2.8.5\gson-2.8.5.jar;C:\Users\user\.m2\repository\org\apache\commons\commons-lang3\3.8.1\commons-lang3-3.8.1.jar;C:\Users\user\.m2\repository\org\apache\httpcomponents\httpclient\4.5.6\httpclient-4.5.6.jar;C:\Users\user\.m2\repository\org\apache\httpcomponents\httpcore\4.4.10\httpcore-4.4.10.jar;C:\Users\user\.m2\repository\commons-logging\commons-logging\1.2\commons-logging-1.2.jar;C:\Users\user\.m2\repository\commons-codec\commons-codec\1.10\commons-codec-1.10.jar;C:\Users\user\.m2\repository\org\rauschig\jarchivelib\1.0.0\jarchivelib-1.0.0.jar;C:\Users\user\.m2\repository\org\apache\commons\commons-compress\1.18\commons-compress-1.18.jar;C:\Users\user\.m2\repository\org\jsoup\jsoup\1.11.3\jsoup-1.11.3.jar;C:\Users\user\.m2\repository\net\lightbody\bmp\browsermob-core\2.1.5\browsermob-core-2.1.5.jar;C:\Users\user\.m2\repository\net\lightbody\bmp\littleproxy\1.1.0-beta-bmp-17\littleproxy-1.1.0-beta-bmp-17.jar;C:\Users\user\.m2\repository\com\fasterxml\jackson\core\jackson-core\2.8.9\jackson-core-2.8.9.jar;C:\Users\user\.m2\repository\com\fasterxml\jackson\core\jackson-databind\2.8.9\jackson-databind-2.8.9.jar;C:\Users\user\.m2\repository\com\fasterxml\jackson\core\jackson-annotations\2.8.9\jackson-annotations-2.8.9.jar;C:\Users\user\.m2\repository\dnsjava\dnsjava\2.1.8\dnsjava-2.1.8.jar;C:\Users\user\.m2\repository\org\slf4j\jcl-over-slf4j\1.7.25\jcl-over-slf4j-1.7.25.jar;C:\Users\user\.m2\repository\com\jcraft\jzlib\1.1.3\jzlib-1.1.3.jar;C:\Users\user\.m2\repository\io\netty\netty-all\4.0.51.Final\netty-all-4.0.51.Final.jar;C:\Users\user\.m2\repository\org\bouncycastle\bcprov-jdk15on\1.58\bcprov-jdk15on-1.58.jar;C:\Users\user\.m2\repository\org\bouncycastle\bcpkix-jdk15on\1.58\bcpkix-jdk15on-1.58.jar;C:\Users\user\.m2\repository\net\lightbody\bmp\mitm\2.1.5\mitm-2.1.5.jar;C:\Users\user\.m2\repository\org\slf4j\slf4j-nop\1.7.24\slf4j-nop-1.7.24.jar;C:\Users\user\.m2\repository\org\slf4j\slf4j-api\1.7.24\slf4j-api-1.7.24.jar;C:\Users\user\.m2\repository\org\slf4j\slf4j-simple\1.7.26\slf4j-simple-1.7.26.jar;C:\Users\user\.m2\repository\org\json\json\20180813\json-20180813.jar;C:\Users\user\.m2\repository\io\qameta\allure\allure-selenide\2.12.1\allure-selenide-2.12.1.jar;C:\Users\user\.m2\repository\io\qameta\allure\allure-java-commons\2.12.1\allure-java-commons-2.12.1.jar;C:\Users\user\.m2\repository\io\qameta\allure\allure-model\2.12.1\allure-model-2.12.1.jar;C:\Users\user\.m2\repository\org\apache\tika\tika-core\1.20\tika-core-1.20.jar;C:\Users\user\.m2\repository\org\jooq\joor-java-8\0.9.10\joor-java-8-0.9.10.jar;C:\Users\user\.m2\repository\io\qameta\allure\allure-testng\2.12.1\allure-testng-2.12.1.jar;C:\Users\user\.m2\repository\org\testng\testng\6.14.3\testng-6.14.3.jar;C:\Users\user\.m2\repository\com\beust\jcommander\1.72\jcommander-1.72.jar;C:\Users\user\.m2\repository\org\apache-extras\beanshell\bsh\2.0b6\bsh-2.0b6.jar;C:\Users\user\.m2\repository\javax\xml\bind\jaxb-api\2.3.0\jaxb-api-2.3.0.jar;C:\Users\user\.m2\repository\com\google\guava\guava\27.0-jre\guava-27.0-jre.jar;C:\Users\user\.m2\repository\com\google\guava\failureaccess\1.0\failureaccess-1.0.jar;C:\Users\user\.m2\repository\com\google\guava\listenablefuture\9999.0-empty-to-avoid-conflict-with-guava\listenablefuture-9999.0-empty-to-avoid-conflict-with-guava.jar;C:\Users\user\.m2\repository\com\google\code\findbugs\jsr305\3.0.2\jsr305-3.0.2.jar;C:\Users\user\.m2\repository\org\checkerframework\checker-qual\2.5.2\checker-qual-2.5.2.jar;C:\Users\user\.m2\repository\com\google\errorprone\error_prone_annotations\2.2.0\error_prone_annotations-2.2.0.jar;C:\Users\user\.m2\repository\com\google\j2objc\j2objc-annotations\1.1\j2objc-annotations-1.1.jar;C:\Users\user\.m2\repository\org\codehaus\mojo\animal-sniffer-annotations\1.17\animal-sniffer-annotations-1.17.jar;"/>
    <property name="allure.results.directory" value="D:\javaProject\Selenium\TemplateProject\Template_Selenide_allure\target/allure-results"/>
    <property name="sun.cpu.endian" value="little"/>
    <property name="user.home" value="C:\Users\user"/>
    <property name="user.language" value="en"/>
    <property name="java.specification.vendor" value="Oracle Corporation"/>
    <property name="java.version.date" value="2018-09-25"/>
    <property name="java.home" value="C:\Program Files\Java\jdk-11"/>
    <property name="file.separator" value="\"/>
    <property name="basedir" value="D:\javaProject\Selenium\TemplateProject\Template_Selenide_allure"/>
    <property name="java.vm.compressedOopsMode" value="32-bit"/>
    <property name="line.separator" value="&#10;"/>
    <property name="java.specification.name" value="Java Platform API Specification"/>
    <property name="java.vm.specification.vendor" value="Oracle Corporation"/>
    <property name="java.awt.graphicsenv" value="sun.awt.Win32GraphicsEnvironment"/>
    <property name="surefire.real.class.path" value="C:\Users\user\AppData\Local\Temp\surefire15065859518333485934\surefirebooter14381375819812935622.jar"/>
    <property name="user.script" value=""/>
    <property name="sun.management.compiler" value="HotSpot 64-Bit Tiered Compilers"/>
    <property name="java.runtime.version" value="11+28"/>
    <property name="user.name" value="user"/>
    <property name="path.separator" value=";"/>
    <property name="os.version" value="10.0"/>
    <property name="java.runtime.name" value="Java(TM) SE Runtime Environment"/>
    <property name="file.encoding" value="Cp1252"/>
    <property name="java.vm.name" value="Java HotSpot(TM) 64-Bit Server VM"/>
    <property name="java.vendor.version" value="18.9"/>
    <property name="localRepository" value="C:\Users\user\.m2\repository"/>
    <property name="java.vendor.url.bug" value="http://bugreport.java.com/bugreport/"/>
    <property name="java.io.tmpdir" value="C:\Users\user\AppData\Local\Temp\"/>
    <property name="java.version" value="11"/>
    <property name="user.dir" value="D:\javaProject\Selenium\TemplateProject\Template_Selenide_allure"/>
    <property name="os.arch" value="amd64"/>
    <property name="java.vm.specification.name" value="Java Virtual Machine Specification"/>
    <property name="java.awt.printerjob" value="sun.awt.windows.WPrinterJob"/>
    <property name="idea.version2019.1.2" value="true"/>
    <property name="sun.os.patch.level" value=""/>
    <property name="java.library.path" value="C:\Program Files\Java\jdk-11\bin;C:\WINDOWS\Sun\Java\bin;C:\WINDOWS\system32;C:\WINDOWS;C:\Program Files (x86)\Common Files\Oracle\Java\javapath;C:\Program Files\Java\jdk-11;C:\WINDOWS\system32;C:\WINDOWS;C:\WINDOWS\System32\Wbem;C:\WINDOWS\System32\WindowsPowerShell\v1.0\;C:\WINDOWS\System32\OpenSSH\;C:\Program Files\Java\jdk-11\bin;C:\Program Files\apache-maven-3.6.0\bin;C:\Program Files\Git\cmd;C:\Users\user\scoop\shims;C:\Users\user\AppData\Local\Microsoft\WindowsApps;;."/>
    <property name="java.vendor" value="Oracle Corporation"/>
    <property name="java.vm.info" value="mixed mode"/>
    <property name="java.vm.version" value="11+28"/>
    <property name="sun.io.unicode.encoding" value="UnicodeLittle"/>
    <property name="java.class.version" value="55.0"/>
  </properties>
  <testcase name="test" classname="Testtest" time="6.075"/>
</testsuite>