<?xml version="1.0" encoding="UTF-8"?>
<!-- Generated by org.testng.reporters.JUnitReportReporter -->
<testsuite hostname="411113Frontend" failures="0" tests="1" name="Testtest" time="6.067" errors="0" timestamp="24 Jul 2019 09:21:47 GMT" skipped="0">
  <testcase classname="Testtest" name="test" time="6.067"/>
</testsuite> <!-- Testtest -->
